<?xml version="1.0" encoding="UTF-8"?>
<!-- Generated by org.testng.reporters.JUnitReportReporter -->
<testsuite hostname="LAPTOP-HBBSHIBP" name="com.propine.qa.testcases.VerifyAdditionOfTwoPositiveIntegerNumbersTest" tests="1" failures="0" timestamp="26 Dec 2019 09:36:11 GMT" time="9.853" errors="0">
  <testcase name="verifyAdditionOfTwoPositiveIntegerNumbersTest" time="9.853" classname="com.propine.qa.testcases.VerifyAdditionOfTwoPositiveIntegerNumbersTest"/>
</testsuite> <!-- com.propine.qa.testcases.VerifyAdditionOfTwoPositiveIntegerNumbersTest -->
