<?xml version="1.0" encoding="UTF-8"?>
<!-- Generated by org.testng.reporters.JUnitReportReporter -->
<testsuite hostname="LAPTOP-HBBSHIBP" name="com.propine.qa.testcases.TC_FUNC_0007_VerifyAdditionOfNegativeAndZeroIntegerNumbersTest" tests="1" failures="0" timestamp="26 Dec 2019 10:33:46 GMT" time="10.202" errors="0">
  <testcase name="TC_FUNC_0007_verifyAdditionOfNegativeAndZeroIntegerNumbersTest" time="10.202" classname="com.propine.qa.testcases.TC_FUNC_0007_VerifyAdditionOfNegativeAndZeroIntegerNumbersTest"/>
</testsuite> <!-- com.propine.qa.testcases.TC_FUNC_0007_VerifyAdditionOfNegativeAndZeroIntegerNumbersTest -->
