<?xml version="1.0" encoding="UTF-8"?>
<!-- Generated by org.testng.reporters.JUnitReportReporter -->
<testsuite hostname="LAPTOP-HBBSHIBP" name="com.propine.qa.testcases.TC_FIELD_0002_VerifySecondNumberForNumericValuesTest" tests="1" failures="0" timestamp="26 Dec 2019 10:33:46 GMT" time="6.883" errors="0">
  <testcase name="TC_FIELD_0002_verifySecondNumberForNumericValuesTest" time="6.883" classname="com.propine.qa.testcases.TC_FIELD_0002_VerifySecondNumberForNumericValuesTest"/>
</testsuite> <!-- com.propine.qa.testcases.TC_FIELD_0002_VerifySecondNumberForNumericValuesTest -->
