<?xml version="1.0" encoding="UTF-8"?>
<!-- Generated by org.testng.reporters.JUnitReportReporter -->
<testsuite hostname="LAPTOP-HBBSHIBP" name="com.propine.qa.testcases.VerifyAdditionOfTwoZeroIntegerNumbersTest" tests="1" failures="0" timestamp="26 Dec 2019 09:36:11 GMT" time="10.373" errors="0">
  <testcase name="verifyAdditionOfTwoZeroIntegerNumbersTest" time="10.373" classname="com.propine.qa.testcases.VerifyAdditionOfTwoZeroIntegerNumbersTest"/>
</testsuite> <!-- com.propine.qa.testcases.VerifyAdditionOfTwoZeroIntegerNumbersTest -->
