<?xml version="1.0" encoding="UTF-8"?>
<!-- Generated by org.testng.reporters.JUnitReportReporter -->
<testsuite hostname="LAPTOP-HBBSHIBP" name="com.propine.qa.testcases.TC_FIELD_0001_VerifyFirstNumberForNumericValuesTest" tests="1" failures="0" timestamp="26 Dec 2019 10:33:46 GMT" time="18.508" errors="0">
  <testcase name="TC_FIELD_0001_verifyFirstNumberForNumericValuesTest" time="18.508" classname="com.propine.qa.testcases.TC_FIELD_0001_VerifyFirstNumberForNumericValuesTest"/>
</testsuite> <!-- com.propine.qa.testcases.TC_FIELD_0001_VerifyFirstNumberForNumericValuesTest -->
