<?xml version="1.0" encoding="UTF-8"?>
<!-- Generated by org.testng.reporters.JUnitReportReporter -->
<testsuite hostname="LAPTOP-HBBSHIBP" name="com.propine.qa.testcases.VerifyAdditionOfTwoNegativeIntegerNumbersTest" tests="1" failures="0" timestamp="26 Dec 2019 09:36:11 GMT" time="9.784" errors="0">
  <testcase name="verifyAdditionOfTwoNegativeIntegerNumbersTest" time="9.784" classname="com.propine.qa.testcases.VerifyAdditionOfTwoNegativeIntegerNumbersTest"/>
</testsuite> <!-- com.propine.qa.testcases.VerifyAdditionOfTwoNegativeIntegerNumbersTest -->
