<?xml version="1.0" encoding="UTF-8"?>
<!-- Generated by org.testng.reporters.JUnitReportReporter -->
<testsuite hostname="LAPTOP-HBBSHIBP" name="com.propine.qa.testcases.TC_FUNC_0008_VerifyAdditionOfTwoZeroIntegerNumbersTest" tests="1" failures="0" timestamp="26 Dec 2019 10:33:46 GMT" time="9.971" errors="0">
  <testcase name="TC_FUNC_0008_verifyAdditionOfTwoZeroIntegerNumbersTest" time="9.971" classname="com.propine.qa.testcases.TC_FUNC_0008_VerifyAdditionOfTwoZeroIntegerNumbersTest"/>
</testsuite> <!-- com.propine.qa.testcases.TC_FUNC_0008_VerifyAdditionOfTwoZeroIntegerNumbersTest -->
