<?xml version="1.0" encoding="UTF-8"?>
<!-- Generated by org.testng.reporters.JUnitReportReporter -->
<testsuite hostname="LAPTOP-HBBSHIBP" name="com.propine.qa.testcases.VerifyAdditionOfNegativeAndPositiveIntegerNumbersTest" tests="1" failures="0" timestamp="26 Dec 2019 09:45:37 GMT" time="11.833" errors="0">
  <testcase name="TC_FUNC_0005_verifyAdditionOfNegativeAndPositiveIntegerNumbersTest" time="11.833" classname="com.propine.qa.testcases.VerifyAdditionOfNegativeAndPositiveIntegerNumbersTest"/>
</testsuite> <!-- com.propine.qa.testcases.VerifyAdditionOfNegativeAndPositiveIntegerNumbersTest -->
