<?xml version="1.0" encoding="UTF-8"?>
<!-- Generated by org.testng.reporters.JUnitReportReporter -->
<testsuite hostname="LAPTOP-HBBSHIBP" name="com.propine.qa.testcases.VerifyAdditionOfPositiveIntAndPositiveFloatNumbersTest" tests="1" failures="0" timestamp="26 Dec 2019 09:36:11 GMT" time="10.245" errors="0">
  <testcase name="verifyAdditionOfPositiveIntAndPositiveFloatNumbersTest" time="10.245" classname="com.propine.qa.testcases.VerifyAdditionOfPositiveIntAndPositiveFloatNumbersTest"/>
</testsuite> <!-- com.propine.qa.testcases.VerifyAdditionOfPositiveIntAndPositiveFloatNumbersTest -->
