<?xml version="1.0" encoding="UTF-8"?>
<!-- Generated by org.testng.reporters.JUnitReportReporter -->
<testsuite hostname="LAPTOP-HBBSHIBP" name="com.propine.qa.testcases.TC_FUNC_0004_VerifyAdditionOfPositiveAndNegativeIntegerNumbersTest" tests="1" failures="0" timestamp="26 Dec 2019 10:33:46 GMT" time="10.193" errors="0">
  <testcase name="TC_FUNC_0004_verifyAdditionOfPositiveAndNegativeIntegerNumbersTest" time="10.193" classname="com.propine.qa.testcases.TC_FUNC_0004_VerifyAdditionOfPositiveAndNegativeIntegerNumbersTest"/>
</testsuite> <!-- com.propine.qa.testcases.TC_FUNC_0004_VerifyAdditionOfPositiveAndNegativeIntegerNumbersTest -->
